
  .   ____          _            __ _ _
 /\\ / ___'_ __ _ _(_)_ __  __ _ \ \ \ \
( ( )\___ | '_ | '_| | '_ \/ _` | \ \ \ \
 \\/  ___)| |_)| | | | | || (_| |  ) ) ) )
  '  |____| .__|_| |_|_| |_\__, | / / / /
 =========|_|==============|___/=/_/_/_/

 :: Spring Boot ::                (v3.3.4)

2025-10-03T14:40:49.941-04:00  INFO 6434 --- [           main] com.empresa.Application                  : Starting Application using Java 21.0.8 with PID 6434 (/Users/jaleco8/person-evaluation/app/build/libs/app.jar started by jaleco8 in /Users/jaleco8/person-evaluation)
2025-10-03T14:40:49.942-04:00  INFO 6434 --- [           main] com.empresa.Application                  : No active profile set, falling back to 1 default profile: "default"
2025-10-03T14:40:50.491-04:00  INFO 6434 --- [           main] o.s.b.w.embedded.tomcat.TomcatWebServer  : Tomcat initialized with port 8083 (http)
2025-10-03T14:40:50.499-04:00  INFO 6434 --- [           main] o.apache.catalina.core.StandardService   : Starting service [Tomcat]
2025-10-03T14:40:50.499-04:00  INFO 6434 --- [           main] o.apache.catalina.core.StandardEngine    : Starting Servlet engine: [Apache Tomcat/10.1.30]
2025-10-03T14:40:50.517-04:00  INFO 6434 --- [           main] o.a.c.c.C.[Tomcat].[localhost].[/]       : Initializing Spring embedded WebApplicationContext
2025-10-03T14:40:50.517-04:00  INFO 6434 --- [           main] w.s.c.ServletWebServerApplicationContext : Root WebApplicationContext: initialization completed in 542 ms
2025-10-03T14:40:50.935-04:00  INFO 6434 --- [           main] o.s.b.a.e.web.EndpointLinksResolver      : Exposing 1 endpoint beneath base path '/actuator'
2025-10-03T14:40:50.961-04:00  INFO 6434 --- [           main] o.s.b.w.embedded.tomcat.TomcatWebServer  : Tomcat started on port 8083 (http) with context path '/'
2025-10-03T14:40:50.970-04:00  INFO 6434 --- [           main] com.empresa.Application                  : Started Application in 1.239 seconds (process running for 1.53)
2025-10-03T14:41:08.195-04:00  INFO 6434 --- [nio-8083-exec-1] o.a.c.c.C.[Tomcat].[localhost].[/]       : Initializing Spring DispatcherServlet 'dispatcherServlet'
2025-10-03T14:41:08.195-04:00  INFO 6434 --- [nio-8083-exec-1] o.s.web.servlet.DispatcherServlet        : Initializing Servlet 'dispatcherServlet'
2025-10-03T14:41:08.195-04:00  INFO 6434 --- [nio-8083-exec-1] o.s.web.servlet.DispatcherServlet        : Completed initialization in 0 ms
